Resource Usage Report for gromitsys 

Mapping to part: m2s010tq144std
Cell usage:
CCC             1 use
CLKINT          1 use
MSS_010         1 use
RCOSC_25_50MHZ  1 use
SYSRESET        1 use


Sequential Cells: 
SLE            3 uses

DSP Blocks:    0 of 22 (0%)

I/O ports: 15
I/O primitives: 14
BIBUF          2 uses
INBUF          2 uses
OUTBUF         10 uses


Global Clock Buffers: 1 of 8 (12%)


Total LUTs:    0

Extra resources required for RAM and MACC interface logic during P&R:

RAM64x18 Interface Logic : SLEs = 0; LUTs = 0;
RAM1K18  Interface Logic : SLEs = 0; LUTs = 0;
MACC     Interface Logic : SLEs = 0; LUTs = 0;

Total number of SLEs after P&R:  3 + 0 + 0 + 0 = 3;
Total number of LUTs after P&R:  0 + 0 + 0 + 0 = 0;

