
Starting:    C:\Microsemi\Libero_SoC_v11.8_SP4\SynplifyPro\bin64\mbin\synbatch.exe
Install:     C:\Microsemi\Libero_SoC_v11.8_SP4\SynplifyPro
Hostname:    FOO
Date:        Sat Jul 31 14:06:49 2021
Version:     L-2016.09M-2

Arguments:   -product synplify_pro -licensetype synplifypro_actel -batch -log synplify.log gromitsys_syn.tcl
ProductType: synplify_pro

License checkout: synplifypro_actel
License: synplifypro_actel node-locked 
Licensed Vendor: actel
License Option: actel_oem

Running in Vendor Mode


Implementation not found: synthesis

log file: "C:\ghf\FPGA\gromit\gromit\synthesis\gromitsys.srr"

Running: synthesis in foreground



Running gromitsys_syn|synthesis


Running: compile (Compile) on gromitsys_syn|synthesis
# Sat Jul 31 14:06:49 2021


Running: compile_flow (Compile Process) on gromitsys_syn|synthesis
# Sat Jul 31 14:06:49 2021


Running: compiler (Compile Input) on gromitsys_syn|synthesis
# Sat Jul 31 14:06:49 2021

Copied C:\ghf\FPGA\gromit\gromit\synthesis\synwork\gromitsys_comp.srs to C:\ghf\FPGA\gromit\gromit\synthesis\gromitsys.srs


compiler completed
# Sat Jul 31 14:06:54 2021

Return Code: 0
Run Time:00h:00m:05s


Running: multi_srs_gen (Multi-srs Generator) on gromitsys_syn|synthesis
# Sat Jul 31 14:06:55 2021


multi_srs_gen completed
# Sat Jul 31 14:06:56 2021

Return Code: 0
Run Time:00h:00m:01s

Copied C:\ghf\FPGA\gromit\gromit\synthesis\synwork\gromitsys_mult.srs to C:\ghf\FPGA\gromit\gromit\synthesis\gromitsys.srs

Complete: Compile Process on gromitsys_syn|synthesis


Running: premap (Pre-mapping) on gromitsys_syn|synthesis
# Sat Jul 31 14:06:56 2021


premap completed with warnings
# Sat Jul 31 14:07:01 2021

Return Code: 1
Run Time:00h:00m:05s

Complete: Compile on gromitsys_syn|synthesis


Running: map (Map) on gromitsys_syn|synthesis
# Sat Jul 31 14:07:01 2021

License granted for 4 parallel jobs


Running: fpga_mapper (Map & Optimize) on gromitsys_syn|synthesis
# Sat Jul 31 14:07:01 2021

Copied C:\ghf\FPGA\gromit\gromit\synthesis\synwork\gromitsys_m.srm to C:\ghf\FPGA\gromit\gromit\synthesis\gromitsys.srm


fpga_mapper completed with warnings
# Sat Jul 31 14:07:07 2021

Return Code: 1
Run Time:00h:00m:06s

Complete: Map on gromitsys_syn|synthesis

Complete: Logic Synthesis on gromitsys_syn|synthesis

Copied C:\ghf\FPGA\gromit\gromit\synthesis\gromitsys.srr to C:\ghf\FPGA\gromit\gromit\synthesis\backup\gromitsys.srr

TCL script complete: "gromitsys_syn.tcl"

exit status=0

exit status=0

License checkin: synplifypro_actel

